Treatment: ('skill', 7307)
[(0, 1), (2, 5), (2, 2), (4, 5), (4, 3), (2, 4), (4, 1), (1, 1), (1, 4), (4, 1), (2, 3), (2, 3), (4, 2), (2, 1), (1, 2), (1, 3), (4, 3), (4, 4), (2, 2), (4, 2), (2, 4), (3, 2), (3, 1), (1, 1), (0, 2), (3, 4), (3, 1), (0, 3), (0, 3), (0, 5), (1, 1), (3, 3), (4, 4), (3, 4), (1, 2), (3, 5), (4, 1), (0, 1), (3, 2), (3, 3)]
MOVE: 0 0 None 1 3 None
skill hints You about all their blue cards hints remaining: 7
You has yellow 4, green 2, blue 1, green 1, white 1
MOVE: 1 2 2 1 None None
You plays blue 1 successfully! Board is now green 0, yellow 0, white 0, blue 1, red 0
You now has yellow 4, green 2, green 1, white 1, green 1
MOVE: 0 1 None 1 None 1
skill hints You about all their 1 hints remaining: 6
You has yellow 4, green 2, green 1, white 1, green 1
MOVE: 1 2 2 1 None None
You plays green 1 successfully! Board is now green 1, yellow 0, white 0, blue 1, red 0
You now has yellow 4, green 2, white 1, green 1, white 5
MOVE: 0 1 None 1 None 2
skill hints You about all their 2 hints remaining: 5
You has yellow 4, green 2, white 1, green 1, white 5
MOVE: 1 2 1 1 None None
You plays green 2 successfully! Board is now green 2, yellow 0, white 0, blue 1, red 0
You now has yellow 4, white 1, green 1, white 5, white 2
MOVE: 0 0 None 1 2 None
skill hints You about all their white cards hints remaining: 4
You has yellow 4, white 1, green 1, white 5, white 2
MOVE: 1 2 1 1 None None
You plays white 1 successfully! Board is now green 2, yellow 0, white 1, blue 1, red 0
You now has yellow 4, green 1, white 5, white 2, red 5
MOVE: 0 1 None 1 None 2
skill hints You about all their 2 hints remaining: 3
You has yellow 4, green 1, white 5, white 2, red 5
MOVE: 1 2 3 1 None None
You plays white 2 successfully! Board is now green 2, yellow 0, white 2, blue 1, red 0
You now has yellow 4, green 1, white 5, red 5, red 3
MOVE: 0 0 None 1 2 None
skill hints You about all their white cards hints remaining: 2
You has yellow 4, green 1, white 5, red 5, red 3
MOVE: 1 2 2 1 None None
You plays white 5 and fails. Board was green 2, yellow 0, white 2, blue 1, red 0
You now has yellow 4, green 1, red 5, red 3, white 4
MOVE: 0 0 None 1 4 None
skill hints You about all their red cards hints remaining: 1
You has yellow 4, green 1, red 5, red 3, white 4
MOVE: 1 2 2 1 None None
You plays red 5 and fails. Board was green 2, yellow 0, white 2, blue 1, red 0
You now has yellow 4, green 1, red 3, white 4, red 1
MOVE: 0 1 None 1 None 1
skill hints You about all their 1 hints remaining: 0
You has yellow 4, green 1, red 3, white 4, red 1
MOVE: 1 2 4 1 None None
You plays red 1 successfully! Board is now green 2, yellow 0, white 2, blue 1, red 1
You now has yellow 4, green 1, red 3, white 4, yellow 1
MOVE: 0 3 0 None None None
skill discards yellow 3
trash is now white 5, red 5, yellow 3
skill now has green 4, white 1, yellow 5, green 4, yellow 4
MOVE: 1 2 1 1 None None
You plays green 1 and fails. Board was green 2, yellow 0, white 2, blue 1, red 1
You now has yellow 4, red 3, white 4, yellow 1, red 1
Score 6
