Treatment: ('skill', 3668)
[(0, 1), (3, 1), (4, 4), (4, 2), (2, 5), (0, 1), (4, 1), (0, 3), (1, 3), (1, 4), (2, 2), (3, 3), (0, 3), (1, 1), (3, 1), (3, 2), (3, 3), (0, 1), (1, 2), (3, 4), (4, 2), (0, 2), (2, 4), (0, 4), (2, 1), (3, 4), (2, 3), (2, 1), (4, 4), (0, 4), (3, 2), (4, 3), (4, 1), (3, 5), (0, 2), (1, 2), (1, 1), (3, 1), (1, 3), (4, 1)]
MOVE: 0 1 None 1 None 1
skill hints You about all their 1 hints remaining: 7
You has white 2, yellow 5, white 4, yellow 4, yellow 1
MOVE: 1 2 4 1 None None
You plays yellow 1 successfully! Board is now green 0, yellow 1, white 0, blue 0, red 0
You now has white 2, yellow 5, white 4, yellow 4, green 1
MOVE: 0 1 None 1 None 1
skill hints You about all their 1 hints remaining: 6
You has white 2, yellow 5, white 4, yellow 4, green 1
MOVE: 1 1 None 0 None 1
You hints skill about all their 1 hints remaining: 5
skill has red 3, white 1, red 5, white 3, green 5
MOVE: 0 0 None 1 0 None
skill hints You about all their green cards hints remaining: 4
You has white 2, yellow 5, white 4, yellow 4, green 1
MOVE: 1 2 4 1 None None
You plays green 1 successfully! Board is now green 1, yellow 1, white 0, blue 0, red 0
You now has white 2, yellow 5, white 4, yellow 4, blue 1
MOVE: 0 1 None 1 None 1
skill hints You about all their 1 hints remaining: 3
You has white 2, yellow 5, white 4, yellow 4, blue 1
MOVE: 1 0 None 0 2 None
You hints skill about all their white cards hints remaining: 2
skill has red 3, white 1, red 5, white 3, green 5
MOVE: 0 2 1 None None None
skill plays white 1 successfully! Board is now green 1, yellow 1, white 1, blue 0, red 0
skill now has red 3, red 5, white 3, green 5, red 4
MOVE: 1 2 4 1 None None
You plays blue 1 successfully! Board is now green 1, yellow 1, white 1, blue 1, red 0
You now has white 2, yellow 5, white 4, yellow 4, red 2
MOVE: 0 1 None 1 None 2
skill hints You about all their 2 hints remaining: 1
You has white 2, yellow 5, white 4, yellow 4, red 2
MOVE: 1 2 0 1 None None
You plays white 2 successfully! Board is now green 1, yellow 1, white 2, blue 1, red 0
You now has yellow 5, white 4, yellow 4, red 2, white 5
MOVE: 0 1 None 1 None 4
skill hints You about all their 4 hints remaining: 0
You has yellow 5, white 4, yellow 4, red 2, white 5
MOVE: 1 3 2 1 None None
You discards yellow 4
trash is now yellow 4
You now has yellow 5, white 4, red 2, white 5, green 1
MOVE: 0 1 None 1 None 1
skill hints You about all their 1 hints remaining: 0
You has yellow 5, white 4, red 2, white 5, green 1
MOVE: 1 2 4 1 None None
You plays green 1 and fails. Board was green 1, yellow 1, white 2, blue 1, red 0
You now has yellow 5, white 4, red 2, white 5, red 1
MOVE: 0 3 0 None None None
skill discards red 3
trash is now yellow 4, green 1, red 3
skill now has red 5, white 3, green 5, red 4, green 3
MOVE: 1 2 2 1 None None
You plays red 2 and fails. Board was green 1, yellow 1, white 2, blue 1, red 0
You now has yellow 5, white 4, white 5, red 1, yellow 3
MOVE: 0 0 None 1 4 None
skill hints You about all their red cards hints remaining: 0
You has yellow 5, white 4, white 5, red 1, yellow 3
MOVE: 1 2 3 1 None None
You plays red 1 successfully! Board is now green 1, yellow 1, white 2, blue 1, red 1
You now has yellow 5, white 4, white 5, yellow 3, yellow 4
MOVE: 0 3 0 None None None
skill discards red 5
trash is now yellow 4, green 1, red 3, red 2, red 5
skill now has white 3, green 5, red 4, green 3, white 2
MOVE: 1 2 1 1 None None
You plays white 4 and fails. Board was green 1, yellow 1, white 2, blue 1, red 1
You now has yellow 5, white 5, yellow 3, yellow 4, blue 3
Score 6
